#
# A fatal error has been detected by the Java Runtime Environment:
#
#  Internal Error (node.cpp:1976), pid=6352, tid=0x0000000000001abc
#  Error: ShouldNotCall()
#
# JRE version: OpenJDK Runtime Environment (8.0_152-b02) (build 1.8.0_152-release-1024-b02)
# Java VM: OpenJDK 64-Bit Server VM (25.152-b02 mixed mode windows-amd64 compressed oops)
# Failed to write core dump. Minidumps are not enabled by default on client versions of Windows
#
# If you would like to submit a bug report, please visit:
#   http://bugreport.java.com/bugreport/crash.jsp
#

---------------  T H R E A D  ---------------

Current thread (0x000000001877e800):  JavaThread "C2 CompilerThread0" daemon [_thread_in_native, id=6844, stack(0x0000000019dc0000,0x0000000019ec0000)]

Stack: [0x0000000019dc0000,0x0000000019ec0000]
[error occurred during error reporting (printing stack bounds), id 0xc0000005]

Native frames: (J=compiled Java code, j=interpreted, Vv=VM code, C=native code)


Current CompileTask:
C2:   7607 8934       4       sun.nio.cs.UTF_8$Encoder::encodeArrayLoop (489 bytes)


---------------  P R O C E S S  ---------------

Java Threads: ( => current thread )
  0x00000000225b7000 JavaThread "pool-2-thread-1" [_thread_blocked, id=392, stack(0x000000002a2c0000,0x000000002a3c0000)]
  0x0000000021ec9000 JavaThread "Task worker for ':' Thread 11" [_thread_blocked, id=4760, stack(0x00000000289c0000,0x0000000028ac0000)]
  0x0000000021ec7800 JavaThread "Task worker for ':' Thread 10" [_thread_blocked, id=3020, stack(0x00000000288c0000,0x00000000289c0000)]
  0x0000000021ec6800 JavaThread "Task worker for ':' Thread 9" [_thread_blocked, id=9020, stack(0x00000000287c0000,0x00000000288c0000)]
  0x0000000021ec4800 JavaThread "Task worker for ':' Thread 8" [_thread_blocked, id=5744, stack(0x00000000286c0000,0x00000000287c0000)]
  0x0000000021ec6000 JavaThread "Task worker for ':' Thread 7" [_thread_blocked, id=2628, stack(0x00000000285c0000,0x00000000286c0000)]
  0x0000000021ec2000 JavaThread "Task worker for ':' Thread 6" [_thread_blocked, id=2484, stack(0x00000000284c0000,0x00000000285c0000)]
  0x0000000021ec8000 JavaThread "Task worker for ':' Thread 5" [_thread_in_native, id=5588, stack(0x00000000283c0000,0x00000000284c0000)]
  0x0000000021ec5000 JavaThread "Task worker for ':' Thread 4" [_thread_blocked, id=5488, stack(0x00000000282c0000,0x00000000283c0000)]
  0x000000001de35000 JavaThread "Task worker for ':' Thread 3" [_thread_blocked, id=5492, stack(0x00000000281c0000,0x00000000282c0000)]
  0x000000001de33800 JavaThread "Task worker for ':' Thread 2" [_thread_blocked, id=5496, stack(0x00000000280c0000,0x00000000281c0000)]
  0x000000001de2f000 JavaThread "Task worker for ':'" [_thread_blocked, id=4888, stack(0x0000000027fc0000,0x00000000280c0000)]
  0x000000001de31000 JavaThread "Cache worker for Build Output Cleanup Cache (C:\Users\Will\Documents\PSS_SS_Android\.gradle\buildOutputCleanup)" [_thread_blocked, id=5324, stack(0x0000000027ec0000,0x0000000027fc0000)]
  0x000000001de34000 JavaThread "Cache worker for task history cache (C:\Users\Will\Documents\PSS_SS_Android\.gradle\4.4\taskHistory)" [_thread_blocked, id=5328, stack(0x0000000027dc0000,0x0000000027ec0000)]
  0x000000001de30800 JavaThread "Cache worker for file content cache (C:\Users\Will\Documents\PSS_SS_Android\.gradle\4.4\fileContent)" [_thread_blocked, id=2496, stack(0x0000000027cc0000,0x0000000027dc0000)]
  0x000000001de2e000 JavaThread "build operations Thread 12" [_thread_blocked, id=4872, stack(0x0000000027bc0000,0x0000000027cc0000)]
  0x000000001de2f800 JavaThread "build operations Thread 11" [_thread_blocked, id=4880, stack(0x0000000027ac0000,0x0000000027bc0000)]
  0x000000001eb0f800 JavaThread "build operations Thread 10" [_thread_blocked, id=1860, stack(0x00000000279c0000,0x0000000027ac0000)]
  0x000000001eb0e000 JavaThread "build operations Thread 9" [_thread_blocked, id=9140, stack(0x00000000278c0000,0x00000000279c0000)]
  0x000000001eb0d000 JavaThread "build operations Thread 8" [_thread_blocked, id=9156, stack(0x00000000277c0000,0x00000000278c0000)]
  0x000000001eb0e800 JavaThread "build operations Thread 7" [_thread_blocked, id=1892, stack(0x00000000276c0000,0x00000000277c0000)]
  0x000000001eb05800 JavaThread "build operations Thread 6" [_thread_blocked, id=5184, stack(0x00000000275c0000,0x00000000276c0000)]
  0x000000001eb0c800 JavaThread "build operations Thread 5" [_thread_blocked, id=5180, stack(0x00000000274c0000,0x00000000275c0000)]
  0x000000001eb0b800 JavaThread "build operations Thread 4" [_thread_blocked, id=1512, stack(0x00000000273c0000,0x00000000274c0000)]
  0x000000001eb06800 JavaThread "build operations Thread 3" [_thread_blocked, id=9192, stack(0x00000000272c0000,0x00000000273c0000)]
  0x000000001eb0b000 JavaThread "build operations Thread 2" [_thread_blocked, id=8292, stack(0x00000000271c0000,0x00000000272c0000)]
  0x000000001eb03800 JavaThread "build operations" [_thread_blocked, id=8288, stack(0x00000000270c0000,0x00000000271c0000)]
  0x000000001eb02800 JavaThread "Cache worker for Artifact transforms cache (C:\Users\Will\.gradle\caches\transforms-1)" [_thread_blocked, id=5240, stack(0x0000000026fc0000,0x00000000270c0000)]
  0x000000001eb08800 JavaThread "Cache worker for file hash cache (C:\Users\Will\Documents\PSS_SS_Android\.gradle\4.4\fileHashes)" [_thread_blocked, id=6328, stack(0x0000000026ec0000,0x0000000026fc0000)]
  0x000000001eb09800 JavaThread "Stdin handler" [_thread_blocked, id=6336, stack(0x0000000026b80000,0x0000000026c80000)]
  0x000000001eb05000 JavaThread "Asynchronous log dispatcher for DefaultDaemonConnection: socket connection from /127.0.0.1:1554 to /127.0.0.1:1568" [_thread_blocked, id=1180, stack(0x0000000026a80000,0x0000000026b80000)]
  0x000000001eb00800 JavaThread "Cancel handler" [_thread_blocked, id=4224, stack(0x0000000026980000,0x0000000026a80000)]
  0x000000001eb04000 JavaThread "Handler for socket connection from /127.0.0.1:1554 to /127.0.0.1:1568" [_thread_in_native, id=4220, stack(0x0000000024a10000,0x0000000024b10000)]
  0x000000001eb08000 JavaThread "Memory manager" [_thread_blocked, id=2620, stack(0x0000000024510000,0x0000000024610000)]
  0x000000001cf48800 JavaThread "File lock request listener" [_thread_in_native, id=2580, stack(0x000000001dfe0000,0x000000001e0e0000)]
  0x000000001b678000 JavaThread "Cache worker for file hash cache (C:\Users\Will\.gradle\caches\4.4\fileHashes)" [_thread_blocked, id=8896, stack(0x000000001dee0000,0x000000001dfe0000)]
  0x000000001b34e800 JavaThread "Daemon worker" [_thread_blocked, id=8920, stack(0x000000001c910000,0x000000001ca10000)]
  0x000000001b63a800 JavaThread "Daemon" [_thread_blocked, id=6788, stack(0x000000001c410000,0x000000001c510000)]
  0x000000001b2ec800 JavaThread "Daemon periodic checks" [_thread_blocked, id=5504, stack(0x000000001c310000,0x000000001c410000)]
  0x000000001b2cd800 JavaThread "Incoming local TCP Connector on port 1554" [_thread_in_native, id=5536, stack(0x000000001c0d0000,0x000000001c1d0000)]
  0x000000001880e800 JavaThread "Service Thread" daemon [_thread_blocked, id=6752, stack(0x000000001a1c0000,0x000000001a2c0000)]
  0x0000000018790000 JavaThread "C1 CompilerThread3" daemon [_thread_in_native, id=6780, stack(0x000000001a0c0000,0x000000001a1c0000)]
  0x000000001878e800 JavaThread "C2 CompilerThread2" daemon [_thread_in_vm, id=6848, stack(0x0000000019fc0000,0x000000001a0c0000)]
  0x0000000018786800 JavaThread "C2 CompilerThread1" daemon [_thread_in_native, id=6812, stack(0x0000000019ec0000,0x0000000019fc0000)]
=>0x000000001877e800 JavaThread "C2 CompilerThread0" daemon [_thread_in_native, id=6844, stack(0x0000000019dc0000,0x0000000019ec0000)]
  0x0000000018779000 JavaThread "Attach Listener" daemon [_thread_blocked, id=6516, stack(0x0000000019cc0000,0x0000000019dc0000)]
  0x00000000170be000 JavaThread "Signal Dispatcher" daemon [_thread_blocked, id=6688, stack(0x0000000019bc0000,0x0000000019cc0000)]
  0x0000000018773000 JavaThread "Finalizer" daemon [_thread_blocked, id=6816, stack(0x00000000199d0000,0x0000000019ad0000)]
  0x00000000030eb000 JavaThread "Reference Handler" daemon [_thread_blocked, id=6852, stack(0x00000000198d0000,0x00000000199d0000)]
  0x0000000002fed800 JavaThread "main" [_thread_blocked, id=6240, stack(0x0000000002ec0000,0x0000000002fc0000)]

Other Threads:
  0x0000000018752800 VMThread [stack: 0x00000000197d0000,0x00000000198d0000] [id=6804]
  0x00000000187c5800 WatcherThread [stack: 0x000000001a2c0000,0x000000001a3c0000] [id=4764]

VM state:not at safepoint (normal execution)

VM Mutex/Monitor currently owned by a thread: None

Heap:
 PSYoungGen      total 249344K, used 44934K [0x00000000e0000000, 0x00000000f2400000, 0x0000000100000000)
  eden space 229376K, 10% used [0x00000000e0000000,0x00000000e1875708,0x00000000ee000000)
  from space 19968K, 99% used [0x00000000f1080000,0x00000000f23ec390,0x00000000f2400000)
  to   space 27136K, 0% used [0x00000000eef00000,0x00000000eef00000,0x00000000f0980000)
 ParOldGen       total 261120K, used 43457K [0x00000000a0000000, 0x00000000aff00000, 0x00000000e0000000)
  object space 261120K, 16% used [0x00000000a0000000,0x00000000a2a70628,0x00000000aff00000)
 Metaspace       used 64501K, capacity 66752K, committed 67072K, reserved 1107968K
  class space    used 8579K, capacity 9151K, committed 9216K, reserved 1048576K

Card table byte_map: [0x00000000124b0000,0x00000000127c0000] byte_map_base: 0x0000000011fb0000

Marking Bits: (ParMarkBitMap*) 0x000000006c774970
 Begin Bits: [0x00000000133c0000, 0x0000000014bc0000)
 End Bits:   [0x0000000014bc0000, 0x00000000163c0000)

Polling page: 0x0000000000f40000

CodeCache: size=245760Kb used=26412Kb max_used=26778Kb free=219347Kb
 bounds [0x00000000030f0000, 0x0000000004b40000, 0x00000000120f0000]
 total_blobs=8645 nmethods=7864 adapters=692
 compilation: enabled

Compilation events (10 events):
Event: 7.589 Thread 0x000000001878e800 8825       4       com.google.gson.stream.JsonWriter::newline (47 bytes)
Event: 7.594 Thread 0x000000001877e800 nmethod 8913 0x0000000004b28490 code [0x0000000004b285e0, 0x0000000004b28998]
Event: 7.594 Thread 0x000000001877e800 8934       4       sun.nio.cs.UTF_8$Encoder::encodeArrayLoop (489 bytes)
Event: 7.602 Thread 0x000000001878e800 nmethod 8825 0x0000000004b33c90 code [0x0000000004b33e20, 0x0000000004b34b78]
Event: 7.602 Thread 0x0000000018790000 8937       2       org.gradle.internal.SystemProperties::getLineSeparator (6 bytes)
Event: 7.602 Thread 0x000000001878e800 8900       4       com.sun.org.apache.xerces.internal.dom.ChildNode::parentNode (16 bytes)
Event: 7.602 Thread 0x0000000018790000 nmethod 8937 0x0000000004b28010 code [0x0000000004b281a0, 0x0000000004b283a8]
Event: 7.603 Thread 0x000000001878e800 nmethod 8900 0x0000000004938750 code [0x0000000004938880, 0x00000000049388f8]
Event: 7.603 Thread 0x000000001878e800 8844       4       com.sun.org.apache.xerces.internal.dom.NodeImpl::ownerDocument (23 bytes)
Event: 7.603 Thread 0x000000001878e800 nmethod 8844 0x00000000033aa510 code [0x00000000033aa660, 0x00000000033aa738]

GC Heap History (10 events):
Event: 3.942 GC heap before
{Heap before GC invocations=9 (full 2):
 PSYoungGen      total 151552K, used 137216K [0x00000000e0000000, 0x00000000ed700000, 0x0000000100000000)
  eden space 137216K, 100% used [0x00000000e0000000,0x00000000e8600000,0x00000000e8600000)
  from space 14336K, 0% used [0x00000000e9380000,0x00000000e9380000,0x00000000ea180000)
  to   space 13824K, 0% used [0x00000000e8600000,0x00000000e8600000,0x00000000e9380000)
 ParOldGen       total 169984K, used 17079K [0x00000000a0000000, 0x00000000aa600000, 0x00000000e0000000)
  object space 169984K, 10% used [0x00000000a0000000,0x00000000a10add50,0x00000000aa600000)
 Metaspace       used 46000K, capacity 47038K, committed 47360K, reserved 1089536K
  class space    used 6245K, capacity 6581K, committed 6656K, reserved 1048576K
Event: 3.948 GC heap after
Heap after GC invocations=9 (full 2):
 PSYoungGen      total 151040K, used 13812K [0x00000000e0000000, 0x00000000ee100000, 0x0000000100000000)
  eden space 137216K, 0% used [0x00000000e0000000,0x00000000e0000000,0x00000000e8600000)
  from space 13824K, 99% used [0x00000000e8600000,0x00000000e937d260,0x00000000e9380000)
  to   space 16384K, 0% used [0x00000000ed100000,0x00000000ed100000,0x00000000ee100000)
 ParOldGen       total 169984K, used 19281K [0x00000000a0000000, 0x00000000aa600000, 0x00000000e0000000)
  object space 169984K, 11% used [0x00000000a0000000,0x00000000a12d47d0,0x00000000aa600000)
 Metaspace       used 46000K, capacity 47038K, committed 47360K, reserved 1089536K
  class space    used 6245K, capacity 6581K, committed 6656K, reserved 1048576K
}
Event: 4.980 GC heap before
{Heap before GC invocations=10 (full 2):
 PSYoungGen      total 151040K, used 151028K [0x00000000e0000000, 0x00000000ee100000, 0x0000000100000000)
  eden space 137216K, 100% used [0x00000000e0000000,0x00000000e8600000,0x00000000e8600000)
  from space 13824K, 99% used [0x00000000e8600000,0x00000000e937d260,0x00000000e9380000)
  to   space 16384K, 0% used [0x00000000ed100000,0x00000000ed100000,0x00000000ee100000)
 ParOldGen       total 169984K, used 19281K [0x00000000a0000000, 0x00000000aa600000, 0x00000000e0000000)
  object space 169984K, 11% used [0x00000000a0000000,0x00000000a12d47d0,0x00000000aa600000)
 Metaspace       used 56335K, capacity 58030K, committed 58112K, reserved 1099776K
  class space    used 7703K, capacity 8144K, committed 8192K, reserved 1048576K
Event: 4.992 GC heap after
Heap after GC invocations=10 (full 2):
 PSYoungGen      total 209408K, used 16366K [0x00000000e0000000, 0x00000000ee900000, 0x0000000100000000)
  eden space 193024K, 0% used [0x00000000e0000000,0x00000000e0000000,0x00000000ebc80000)
  from space 16384K, 99% used [0x00000000ed100000,0x00000000ee0fbbe8,0x00000000ee100000)
  to   space 20992K, 0% used [0x00000000ebc80000,0x00000000ebc80000,0x00000000ed100000)
 ParOldGen       total 169984K, used 25398K [0x00000000a0000000, 0x00000000aa600000, 0x00000000e0000000)
  object space 169984K, 14% used [0x00000000a0000000,0x00000000a18cd8f0,0x00000000aa600000)
 Metaspace       used 56335K, capacity 58030K, committed 58112K, reserved 1099776K
  class space    used 7703K, capacity 8144K, committed 8192K, reserved 1048576K
}
Event: 5.280 GC heap before
{Heap before GC invocations=11 (full 2):
 PSYoungGen      total 209408K, used 107966K [0x00000000e0000000, 0x00000000ee900000, 0x0000000100000000)
  eden space 193024K, 47% used [0x00000000e0000000,0x00000000e5973dd8,0x00000000ebc80000)
  from space 16384K, 99% used [0x00000000ed100000,0x00000000ee0fbbe8,0x00000000ee100000)
  to   space 20992K, 0% used [0x00000000ebc80000,0x00000000ebc80000,0x00000000ed100000)
 ParOldGen       total 169984K, used 25398K [0x00000000a0000000, 0x00000000aa600000, 0x00000000e0000000)
  object space 169984K, 14% used [0x00000000a0000000,0x00000000a18cd8f0,0x00000000aa600000)
 Metaspace       used 57234K, capacity 58970K, committed 59008K, reserved 1099776K
  class space    used 7834K, capacity 8304K, committed 8320K, reserved 1048576K
Event: 5.289 GC heap after
Heap after GC invocations=11 (full 2):
 PSYoungGen      total 214016K, used 20974K [0x00000000e0000000, 0x00000000f2a00000, 0x0000000100000000)
  eden space 193024K, 0% used [0x00000000e0000000,0x00000000e0000000,0x00000000ebc80000)
  from space 20992K, 99% used [0x00000000ebc80000,0x00000000ed0fbbe8,0x00000000ed100000)
  to   space 26112K, 0% used [0x00000000f1080000,0x00000000f1080000,0x00000000f2a00000)
 ParOldGen       total 169984K, used 31475K [0x00000000a0000000, 0x00000000aa600000, 0x00000000e0000000)
  object space 169984K, 18% used [0x00000000a0000000,0x00000000a1ebce20,0x00000000aa600000)
 Metaspace       used 57234K, capacity 58970K, committed 59008K, reserved 1099776K
  class space    used 7834K, capacity 8304K, committed 8320K, reserved 1048576K
}
Event: 5.289 GC heap before
{Heap before GC invocations=12 (full 3):
 PSYoungGen      total 214016K, used 20974K [0x00000000e0000000, 0x00000000f2a00000, 0x0000000100000000)
  eden space 193024K, 0% used [0x00000000e0000000,0x00000000e0000000,0x00000000ebc80000)
  from space 20992K, 99% used [0x00000000ebc80000,0x00000000ed0fbbe8,0x00000000ed100000)
  to   space 26112K, 0% used [0x00000000f1080000,0x00000000f1080000,0x00000000f2a00000)
 ParOldGen       total 169984K, used 31475K [0x00000000a0000000, 0x00000000aa600000, 0x00000000e0000000)
  object space 169984K, 18% used [0x00000000a0000000,0x00000000a1ebce20,0x00000000aa600000)
 Metaspace       used 57234K, capacity 58970K, committed 59008K, reserved 1099776K
  class space    used 7834K, capacity 8304K, committed 8320K, reserved 1048576K
Event: 5.453 GC heap after
Heap after GC invocations=12 (full 3):
 PSYoungGen      total 214016K, used 0K [0x00000000e0000000, 0x00000000f2a00000, 0x0000000100000000)
  eden space 193024K, 0% used [0x00000000e0000000,0x00000000e0000000,0x00000000ebc80000)
  from space 20992K, 0% used [0x00000000ebc80000,0x00000000ebc80000,0x00000000ed100000)
  to   space 26112K, 0% used [0x00000000f1080000,0x00000000f1080000,0x00000000f2a00000)
 ParOldGen       total 261120K, used 43449K [0x00000000a0000000, 0x00000000aff00000, 0x00000000e0000000)
  object space 261120K, 16% used [0x00000000a0000000,0x00000000a2a6e628,0x00000000aff00000)
 Metaspace       used 57234K, capacity 58970K, committed 59008K, reserved 1099776K
  class space    used 7834K, capacity 8304K, committed 8320K, reserved 1048576K
}
Event: 7.468 GC heap before
{Heap before GC invocations=13 (full 3):
 PSYoungGen      total 214016K, used 193024K [0x00000000e0000000, 0x00000000f2a00000, 0x0000000100000000)
  eden space 193024K, 100% used [0x00000000e0000000,0x00000000ebc80000,0x00000000ebc80000)
  from space 20992K, 0% used [0x00000000ebc80000,0x00000000ebc80000,0x00000000ed100000)
  to   space 26112K, 0% used [0x00000000f1080000,0x00000000f1080000,0x00000000f2a00000)
 ParOldGen       total 261120K, used 43449K [0x00000000a0000000, 0x00000000aff00000, 0x00000000e0000000)
  object space 261120K, 16% used [0x00000000a0000000,0x00000000a2a6e628,0x00000000aff00000)
 Metaspace       used 64329K, capacity 66582K, committed 66816K, reserved 1107968K
  class space    used 8563K, capacity 9116K, committed 9216K, reserved 1048576K
Event: 7.489 GC heap after
Heap after GC invocations=13 (full 3):
 PSYoungGen      total 249344K, used 19888K [0x00000000e0000000, 0x00000000f2400000, 0x0000000100000000)
  eden space 229376K, 0% used [0x00000000e0000000,0x00000000e0000000,0x00000000ee000000)
  from space 19968K, 99% used [0x00000000f1080000,0x00000000f23ec390,0x00000000f2400000)
  to   space 27136K, 0% used [0x00000000eef00000,0x00000000eef00000,0x00000000f0980000)
 ParOldGen       total 261120K, used 43457K [0x00000000a0000000, 0x00000000aff00000, 0x00000000e0000000)
  object space 261120K, 16% used [0x00000000a0000000,0x00000000a2a70628,0x00000000aff00000)
 Metaspace       used 64329K, capacity 66582K, committed 66816K, reserved 1107968K
  class space    used 8563K, capacity 9116K, committed 9216K, reserved 1048576K
}

Deoptimization events (10 events):
Event: 7.559 Thread 0x0000000021ec8000 Uncommon trap: reason=class_check action=maybe_recompile pc=0x0000000004a28f80 method=com.sun.org.apache.xerces.internal.dom.AttributeMap.setNamedItem(Lorg/w3c/dom/Node;)Lorg/w3c/dom/Node; @ 4
Event: 7.559 Thread 0x0000000021ec8000 Uncommon trap: reason=class_check action=maybe_recompile pc=0x0000000004a28f80 method=com.sun.org.apache.xerces.internal.dom.AttributeMap.setNamedItem(Lorg/w3c/dom/Node;)Lorg/w3c/dom/Node; @ 4
Event: 7.559 Thread 0x0000000021ec8000 Uncommon trap: reason=class_check action=maybe_recompile pc=0x0000000004a28f80 method=com.sun.org.apache.xerces.internal.dom.AttributeMap.setNamedItem(Lorg/w3c/dom/Node;)Lorg/w3c/dom/Node; @ 4
Event: 7.559 Thread 0x0000000021ec8000 Uncommon trap: reason=class_check action=maybe_recompile pc=0x00000000049ddd84 method=com.sun.org.apache.xerces.internal.dom.NamedNodeMapImpl.findNamePoint(Ljava/lang/String;I)I @ 51
Event: 7.559 Thread 0x0000000021ec8000 Uncommon trap: reason=class_check action=maybe_recompile pc=0x0000000004a28f80 method=com.sun.org.apache.xerces.internal.dom.AttributeMap.setNamedItem(Lorg/w3c/dom/Node;)Lorg/w3c/dom/Node; @ 4
Event: 7.559 Thread 0x0000000021ec8000 Uncommon trap: reason=class_check action=maybe_recompile pc=0x00000000049ddd84 method=com.sun.org.apache.xerces.internal.dom.NamedNodeMapImpl.findNamePoint(Ljava/lang/String;I)I @ 51
Event: 7.559 Thread 0x0000000021ec8000 Uncommon trap: reason=class_check action=maybe_recompile pc=0x00000000049ddd84 method=com.sun.org.apache.xerces.internal.dom.NamedNodeMapImpl.findNamePoint(Ljava/lang/String;I)I @ 51
Event: 7.559 Thread 0x0000000021ec8000 Uncommon trap: reason=class_check action=maybe_recompile pc=0x00000000049ddd84 method=com.sun.org.apache.xerces.internal.dom.NamedNodeMapImpl.findNamePoint(Ljava/lang/String;I)I @ 51
Event: 7.571 Thread 0x0000000021ec8000 Uncommon trap: reason=unstable_if action=reinterpret pc=0x00000000049da858 method=com.sun.org.apache.xerces.internal.dom.DeferredDocumentImpl.getPrevSibling(IZ)I @ 86
Event: 7.604 Thread 0x0000000021ec8000 Uncommon trap: reason=unstable_if action=reinterpret pc=0x0000000004910a10 method=com.google.common.collect.MapMakerInternalMap$Segment.getEntry(Ljava/lang/Object;I)Lcom/google/common/collect/MapMakerInternalMap$ReferenceEntry; @ 40

Classes redefined (0 events):
No events

Internal exceptions (10 events):
Event: 6.694 Thread 0x000000001b34e800 Exception <a 'sun/nio/fs/WindowsException'> (0x00000000e59a9d10) thrown at [D:\src\AOSP-openjdk-cygwin\jdk8u\hotspot\src\share\vm\prims\jni.cpp, line 709]
Event: 6.694 Thread 0x000000001b34e800 Exception <a 'sun/nio/fs/WindowsException'> (0x00000000e59aabe8) thrown at [D:\src\AOSP-openjdk-cygwin\jdk8u\hotspot\src\share\vm\prims\jni.cpp, line 709]
Event: 6.920 Thread 0x0000000021ec8000 Exception <a 'java/lang/NoSuchMethodError': <clinit>> (0x00000000e806dab8) thrown at [D:\src\AOSP-openjdk-cygwin\jdk8u\hotspot\src\share\vm\prims\jni.cpp, line 1613]
Event: 6.920 Thread 0x0000000021ec8000 Exception <a 'java/lang/NoSuchMethodError': <clinit>> (0x00000000e8078d00) thrown at [D:\src\AOSP-openjdk-cygwin\jdk8u\hotspot\src\share\vm\prims\jni.cpp, line 1613]
Event: 6.928 Thread 0x0000000021ec8000 Exception <a 'java/lang/NoSuchMethodError': <clinit>> (0x00000000e80ed4a0) thrown at [D:\src\AOSP-openjdk-cygwin\jdk8u\hotspot\src\share\vm\prims\jni.cpp, line 1613]
Event: 6.929 Thread 0x0000000021ec8000 Exception <a 'java/lang/NoSuchMethodError': <clinit>> (0x00000000e81002a8) thrown at [D:\src\AOSP-openjdk-cygwin\jdk8u\hotspot\src\share\vm\prims\jni.cpp, line 1613]
Event: 6.929 Thread 0x0000000021ec8000 Exception <a 'java/lang/NoSuchMethodError': <clinit>> (0x00000000e8101b58) thrown at [D:\src\AOSP-openjdk-cygwin\jdk8u\hotspot\src\share\vm\prims\jni.cpp, line 1613]
Event: 7.065 Thread 0x0000000021ec8000 Exception <a 'java/lang/NoSuchMethodError': <clinit>> (0x00000000e8dffe38) thrown at [D:\src\AOSP-openjdk-cygwin\jdk8u\hotspot\src\share\vm\prims\jni.cpp, line 1613]
Event: 7.065 Thread 0x0000000021ec8000 Exception <a 'java/lang/NoSuchMethodError': <clinit>> (0x00000000e8e09830) thrown at [D:\src\AOSP-openjdk-cygwin\jdk8u\hotspot\src\share\vm\prims\jni.cpp, line 1613]
Event: 7.305 Thread 0x0000000021ec8000 Implicit null exception at 0x000000000494101a to 0x000000000494106d

Events (10 events):
Event: 7.603 Thread 0x0000000018790000 flushing nmethod 0x0000000003418310
Event: 7.604 Thread 0x000000001878e800 flushing nmethod 0x0000000003483410
Event: 7.604 Thread 0x000000001878e800 flushing nmethod 0x0000000003487190
Event: 7.604 Thread 0x000000001878e800 flushing nmethod 0x000000000348ee90
Event: 7.604 Thread 0x000000001878e800 flushing nmethod 0x000000000348f310
Event: 7.604 Thread 0x000000001878e800 flushing nmethod 0x0000000003495f90
Event: 7.604 Thread 0x000000001878e800 flushing nmethod 0x0000000003496450
Event: 7.604 Thread 0x000000001878e800 flushing nmethod 0x0000000003497010
Event: 7.604 Thread 0x000000001878e800 flushing nmethod 0x0000000003498b90
Event: 7.604 Thread 0x0000000021ec8000 Uncommon trap: trap_request=0xffffff65 fr.pc=0x0000000004910a10


Dynamic libraries:
0x00007ff6fc490000 - 0x00007ff6fc4c1000 	C:\Program Files\Android\Android Studio\jre\bin\java.exe
0x00007ffbd1eb0000 - 0x00007ffbd2091000 	C:\WINDOWS\SYSTEM32\ntdll.dll
0x00007ffbd1d30000 - 0x00007ffbd1de2000 	C:\WINDOWS\System32\KERNEL32.DLL
0x00007ffbced50000 - 0x00007ffbcefc3000 	C:\WINDOWS\System32\KERNELBASE.dll
0x00007ffbcf670000 - 0x00007ffbcf711000 	C:\WINDOWS\System32\ADVAPI32.dll
0x00007ffbcf780000 - 0x00007ffbcf81e000 	C:\WINDOWS\System32\msvcrt.dll
0x00007ffbd1b70000 - 0x00007ffbd1bcb000 	C:\WINDOWS\System32\sechost.dll
0x00007ffbd1c00000 - 0x00007ffbd1d24000 	C:\WINDOWS\System32\RPCRT4.dll
0x00007ffbcfe50000 - 0x00007ffbcffe0000 	C:\WINDOWS\System32\USER32.dll
0x00007ffbce4d0000 - 0x00007ffbce4f0000 	C:\WINDOWS\System32\win32u.dll
0x00007ffbcfc80000 - 0x00007ffbcfca8000 	C:\WINDOWS\System32\GDI32.dll
0x00007ffbce280000 - 0x00007ffbce412000 	C:\WINDOWS\System32\gdi32full.dll
0x00007ffbce5a0000 - 0x00007ffbce63f000 	C:\WINDOWS\System32\msvcp_win.dll
0x00007ffbcf1c0000 - 0x00007ffbcf2ba000 	C:\WINDOWS\System32\ucrtbase.dll
0x00007ffbbf200000 - 0x00007ffbbf469000 	C:\WINDOWS\WinSxS\amd64_microsoft.windows.common-controls_6595b64144ccf1df_6.0.17134.137_none_fb44974530639b67\COMCTL32.dll
0x00007ffbcf820000 - 0x00007ffbcfb43000 	C:\WINDOWS\System32\combase.dll
0x00007ffbcf2c0000 - 0x00007ffbcf33a000 	C:\WINDOWS\System32\bcryptPrimitives.dll
0x00007ffbd1bd0000 - 0x00007ffbd1bfd000 	C:\WINDOWS\System32\IMM32.DLL
0x000000006b680000 - 0x000000006b752000 	C:\Program Files\Android\Android Studio\jre\jre\bin\msvcr100.dll
0x000000006bfb0000 - 0x000000006c7ef000 	C:\Program Files\Android\Android Studio\jre\jre\bin\server\jvm.dll
0x00007ffbcf3a0000 - 0x00007ffbcf3a8000 	C:\WINDOWS\System32\PSAPI.DLL
0x00007ffbc3cc0000 - 0x00007ffbc3cc9000 	C:\WINDOWS\SYSTEM32\WSOCK32.dll
0x00007ffbcbbd0000 - 0x00007ffbcbbf3000 	C:\WINDOWS\SYSTEM32\WINMM.dll
0x00007ffbbf780000 - 0x00007ffbbf78a000 	C:\WINDOWS\SYSTEM32\VERSION.dll
0x00007ffbd1df0000 - 0x00007ffbd1e5c000 	C:\WINDOWS\System32\WS2_32.dll
0x00007ffbcba80000 - 0x00007ffbcbaaa000 	C:\WINDOWS\SYSTEM32\winmmbase.dll
0x00007ffbce480000 - 0x00007ffbce4c9000 	C:\WINDOWS\System32\cfgmgr32.dll
0x00007ffbc3cb0000 - 0x00007ffbc3cbf000 	C:\Program Files\Android\Android Studio\jre\jre\bin\verify.dll
0x00007ffbc3c80000 - 0x00007ffbc3ca9000 	C:\Program Files\Android\Android Studio\jre\jre\bin\java.dll
0x00007ffbc3c60000 - 0x00007ffbc3c76000 	C:\Program Files\Android\Android Studio\jre\jre\bin\zip.dll
0x00007ffbd0680000 - 0x00007ffbd1ac0000 	C:\WINDOWS\System32\SHELL32.dll
0x00007ffbcf3c0000 - 0x00007ffbcf469000 	C:\WINDOWS\System32\shcore.dll
0x00007ffbce640000 - 0x00007ffbced4d000 	C:\WINDOWS\System32\windows.storage.dll
0x00007ffbcfb50000 - 0x00007ffbcfba1000 	C:\WINDOWS\System32\shlwapi.dll
0x00007ffbce210000 - 0x00007ffbce221000 	C:\WINDOWS\System32\kernel.appcore.dll
0x00007ffbce1f0000 - 0x00007ffbce20f000 	C:\WINDOWS\System32\profapi.dll
0x00007ffbce230000 - 0x00007ffbce27c000 	C:\WINDOWS\System32\powrprof.dll
0x00007ffbce1e0000 - 0x00007ffbce1ea000 	C:\WINDOWS\System32\FLTLIB.DLL
0x00007ffbc3c40000 - 0x00007ffbc3c5a000 	C:\Program Files\Android\Android Studio\jre\jre\bin\net.dll
0x00007ffbcd680000 - 0x00007ffbcd6e6000 	C:\WINDOWS\system32\mswsock.dll
0x00007ffbc3c20000 - 0x00007ffbc3c31000 	C:\Program Files\Android\Android Studio\jre\jre\bin\nio.dll
0x00007ffba1c60000 - 0x00007ffba1c7e000 	C:\Users\Will\.gradle\native\25\windows-amd64\native-platform.dll
0x00007ffbc3c00000 - 0x00007ffbc3c0d000 	C:\Program Files\Android\Android Studio\jre\jre\bin\management.dll
0x00007ffbcdcb0000 - 0x00007ffbcdcc7000 	C:\WINDOWS\SYSTEM32\CRYPTSP.dll
0x00007ffbcd260000 - 0x00007ffbcd293000 	C:\WINDOWS\system32\rsaenh.dll
0x00007ffbcdaf0000 - 0x00007ffbcdb15000 	C:\WINDOWS\SYSTEM32\bcrypt.dll
0x00007ffbce0f0000 - 0x00007ffbce118000 	C:\WINDOWS\SYSTEM32\USERENV.dll
0x00007ffbcd830000 - 0x00007ffbcd83b000 	C:\WINDOWS\SYSTEM32\CRYPTBASE.dll
0x00007ffbcd400000 - 0x00007ffbcd438000 	C:\WINDOWS\SYSTEM32\IPHLPAPI.DLL
0x00007ffbd1b60000 - 0x00007ffbd1b68000 	C:\WINDOWS\System32\NSI.dll
0x00007ffbc32e0000 - 0x00007ffbc32f6000 	C:\WINDOWS\SYSTEM32\dhcpcsvc6.DLL
0x00007ffbc32c0000 - 0x00007ffbc32da000 	C:\WINDOWS\SYSTEM32\dhcpcsvc.DLL

VM Arguments:
jvm_args: -Xmx1536m -Dfile.encoding=windows-1252 -Duser.country=GB -Duser.language=en -Duser.variant 
java_command: org.gradle.launcher.daemon.bootstrap.GradleDaemon 4.4
java_class_path (initial): C:\Users\Will\.gradle\wrapper\dists\gradle-4.4-all\9br9xq1tocpiv8o6njlyu5op1\gradle-4.4\lib\gradle-launcher-4.4.jar
Launcher Type: SUN_STANDARD

Environment Variables:
PATH=C:\WINDOWS\system32;C:\WINDOWS;C:\WINDOWS\System32\Wbem;C:\WINDOWS\System32\WindowsPowerShell\v1.0\;C:\Program Files (x86)\Intel\Intel(R) Management Engine Components\DAL;C:\Program Files\Intel\Intel(R) Management Engine Components\DAL;C:\Program Files (x86)\Intel\Intel(R) Management Engine Components\IPT;C:\Program Files\Intel\Intel(R) Management Engine Components\IPT;C:\Program Files\PuTTY\;C:\Program Files\dotnet\;C:\Program Files\Microsoft SQL Server\130\Tools\Binn\;C:\WINDOWS\System32\OpenSSH\;C:\Users\Will\AppData\Local\Microsoft\WindowsApps;C:\Program Files (x86)\Nmap;
USERNAME=Will
OS=Windows_NT
PROCESSOR_IDENTIFIER=Intel64 Family 6 Model 158 Stepping 10, GenuineIntel



---------------  S Y S T E M  ---------------

OS: Windows 10.0 , 64 bit Build 17134 (10.0.17134.1)

CPU:total 12 (initial active 12) (6 cores per cpu, 2 threads per core) family 6 model 158 stepping 10, cmov, cx8, fxsr, mmx, sse, sse2, sse3, ssse3, sse4.1, sse4.2, popcnt, avx, avx2, aes, clmul, erms, rtm, 3dnowpref, lzcnt, ht, tsc, tscinvbit, bmi1, bmi2, adx

Memory: 4k page, physical 16425696k(12988364k free), swap 18916064k(15250040k free)

vm_info: OpenJDK 64-Bit Server VM (25.152-b02) for windows-amd64 JRE (1.8.0_152-release-1024-b02), built by "builder" with MS VC++ 10.0 (VS2010)

time: Fri Jul 06 15:35:04 2018
elapsed time: 7 seconds (0d 0h 0m 7s)

